Wednesday, 21-Feb-2018 13:39:00 - backup started
Wednesday, 21-Feb-2018 13:39:00 - wp version     : 4.8.5
Wednesday, 21-Feb-2018 13:39:00 - php version    : 5.5.30
Wednesday, 21-Feb-2018 13:39:00 - mysql version  : 5.5.5
Wednesday, 21-Feb-2018 13:39:00 - memory limit   : 1024M
Wednesday, 21-Feb-2018 13:39:00 - execution time : 600
Wednesday, 21-Feb-2018 13:39:00 - mysql timeout  : 600
Wednesday, 21-Feb-2018 13:39:00 - socket timeout : 600
Wednesday, 21-Feb-2018 13:39:00 - files larger than 25 MB will be excluded from the backup
Wednesday, 21-Feb-2018 13:39:00 - generating file list
Wednesday, 21-Feb-2018 13:39:12 - file skipped, file is larger than 25 MB - "**SITE-ROOT**/wp-content/updraft/backup_2018-02-21-0750_JojoCar_34eca030e440-uploads.zip"  26.51 MB
Wednesday, 21-Feb-2018 13:39:12 - 1 files were excluded from the backup
Wednesday, 21-Feb-2018 13:39:12 - number of files to include in the archive is 4637, and their uncompressed size is 120.35 MB
Wednesday, 21-Feb-2018 13:39:12 - finished generating file list
Wednesday, 21-Feb-2018 13:39:12 - database backup started
Wednesday, 21-Feb-2018 13:39:12 - backing up tables with "wp_" prefix
Wednesday, 21-Feb-2018 13:39:12 - number of tables to backup - 22
Wednesday, 21-Feb-2018 13:39:13 - database backup finished
Wednesday, 21-Feb-2018 13:39:13 - archiving files using ziparchive
Wednesday, 21-Feb-2018 13:43:09 - backup finished
